<?xml version="1.0" encoding="UTF-8"?>
<testsuite name="com.pichincha.dm.bank.accounts.application.service.ReportApplicationServiceTest" tests="3" skipped="0" failures="0" errors="0" timestamp="2025-09-01T02:16:31" hostname="SEBASTIAN-SANTA" time="0.291">
  <properties/>
  <testcase name="givenValidParametersWhenGenerateFormattedReportThenReturnFormattedReport()" classname="com.pichincha.dm.bank.accounts.application.service.ReportApplicationServiceTest" time="0.276"/>
  <testcase name="givenValidParametersWhenGenerateReportThenReturnReport()" classname="com.pichincha.dm.bank.accounts.application.service.ReportApplicationServiceTest" time="0.007"/>
  <testcase name="givenInvalidDateRangeWhenGenerateReportThenThrowException()" classname="com.pichincha.dm.bank.accounts.application.service.ReportApplicationServiceTest" time="0.006"/>
  <system-out><![CDATA[]]></system-out>
  <system-err><![CDATA[]]></system-err>
</testsuite>
