<?xml version="1.0" encoding="UTF-8"?>
<testsuite name="com.pichincha.dm.bank.accounts.infrastructure.adapter.persistence.entity.PersonEntityTest" tests="2" skipped="0" failures="0" errors="0" timestamp="2025-09-01T02:16:36" hostname="SEBASTIAN-SANTA" time="0.018">
  <properties/>
  <testcase name="givenAllArgsConstructorWhenCreatePersonEntityThenAllFieldsAreSet()" classname="com.pichincha.dm.bank.accounts.infrastructure.adapter.persistence.entity.PersonEntityTest" time="0.014"/>
  <testcase name="givenPersonEntityWhenSetIdThenIdIsUpdated()" classname="com.pichincha.dm.bank.accounts.infrastructure.adapter.persistence.entity.PersonEntityTest" time="0.002"/>
  <system-out><![CDATA[]]></system-out>
  <system-err><![CDATA[]]></system-err>
</testsuite>
