<?xml version="1.0" encoding="UTF-8"?>
<testsuite name="com.pichincha.dm.bank.accounts.application.service.AccountApplicationServiceTest" tests="5" skipped="0" failures="0" errors="0" timestamp="2025-09-01T02:16:30" hostname="SEBASTIAN-SANTA" time="0.483">
  <properties/>
  <testcase name="givenValidAccountNumberWhenDeleteAccountThenCompleteSuccessfully()" classname="com.pichincha.dm.bank.accounts.application.service.AccountApplicationServiceTest" time="0.011"/>
  <testcase name="givenValidAccountNumberWhenGetAccountByNumberThenReturnAccount()" classname="com.pichincha.dm.bank.accounts.application.service.AccountApplicationServiceTest" time="0.011"/>
  <testcase name="givenValidAccountWhenUpdateAccountThenReturnUpdatedAccount()" classname="com.pichincha.dm.bank.accounts.application.service.AccountApplicationServiceTest" time="0.006"/>
  <testcase name="givenValidParametersWhenListAccountsThenReturnAccountFlux()" classname="com.pichincha.dm.bank.accounts.application.service.AccountApplicationServiceTest" time="0.269"/>
  <testcase name="givenValidAccountWhenCreateAccountThenSetFieldsAndSave()" classname="com.pichincha.dm.bank.accounts.application.service.AccountApplicationServiceTest" time="0.181"/>
  <system-out><![CDATA[]]></system-out>
  <system-err><![CDATA[]]></system-err>
</testsuite>
