<?xml version="1.0" encoding="UTF-8"?>
<testsuite name="com.pichincha.dm.bank.accounts.infrastructure.adapter.persistence.service.MovementTransactionServiceTest" tests="1" skipped="0" failures="0" errors="0" timestamp="2025-09-01T02:16:36" hostname="SEBASTIAN-SANTA" time="0.02">
  <properties/>
  <testcase name="givenValidMovementWhenSaveMovementThenReturnSavedMovementMono()" classname="com.pichincha.dm.bank.accounts.infrastructure.adapter.persistence.service.MovementTransactionServiceTest" time="0.02"/>
  <system-out><![CDATA[]]></system-out>
  <system-err><![CDATA[]]></system-err>
</testsuite>
