<?xml version="1.0" encoding="UTF-8"?>
<testsuite name="com.pichincha.dm.bank.accounts.domain.AccountSummaryTest" tests="2" skipped="0" failures="0" errors="0" timestamp="2025-09-01T02:16:32" hostname="SEBASTIAN-SANTA" time="0.006">
  <properties/>
  <testcase name="givenAccountSummaryWhenSetAccountNumberThenAccountNumberIsUpdated()" classname="com.pichincha.dm.bank.accounts.domain.AccountSummaryTest" time="0.002"/>
  <testcase name="givenValidDataWhenBuildAccountSummaryThenAccountSummaryIsCreated()" classname="com.pichincha.dm.bank.accounts.domain.AccountSummaryTest" time="0.002"/>
  <system-out><![CDATA[]]></system-out>
  <system-err><![CDATA[]]></system-err>
</testsuite>
