<?xml version="1.0" encoding="UTF-8"?>
<testsuite name="com.pichincha.dm.bank.accounts.application.service.ClientApplicationServiceTest" tests="5" skipped="0" failures="0" errors="0" timestamp="2025-09-01T02:16:31" hostname="SEBASTIAN-SANTA" time="0.086">
  <properties/>
  <testcase name="givenValidClientIdWhenDeleteClientThenCompleteSuccessfully()" classname="com.pichincha.dm.bank.accounts.application.service.ClientApplicationServiceTest" time="0.06"/>
  <testcase name="givenValidClientDataWhenGetAllClientsThenReturnAllClients()" classname="com.pichincha.dm.bank.accounts.application.service.ClientApplicationServiceTest" time="0.009"/>
  <testcase name="givenValidClientWhenUpdateClientThenReturnUpdatedClient()" classname="com.pichincha.dm.bank.accounts.application.service.ClientApplicationServiceTest" time="0.004"/>
  <testcase name="givenValidClientIdWhenGetClientByIdThenReturnClient()" classname="com.pichincha.dm.bank.accounts.application.service.ClientApplicationServiceTest" time="0.004"/>
  <testcase name="givenValidClientWhenCreateClientThenReturnClientWithStateTrue()" classname="com.pichincha.dm.bank.accounts.application.service.ClientApplicationServiceTest" time="0.005"/>
  <system-out><![CDATA[]]></system-out>
  <system-err><![CDATA[]]></system-err>
</testsuite>
