<?xml version="1.0" encoding="UTF-8"?>
<testsuite name="com.pichincha.dm.bank.accounts.infrastructure.adapter.persistence.AccountPersistenceAdapterTest" tests="6" skipped="0" failures="0" errors="0" timestamp="2025-09-01T02:16:35" hostname="SEBASTIAN-SANTA" time="0.365">
  <properties/>
  <testcase name="givenValidAccountNumberWhenDeleteByAccountNumberThenReturnMonoVoid()" classname="com.pichincha.dm.bank.accounts.infrastructure.adapter.persistence.AccountPersistenceAdapterTest" time="0.312"/>
  <testcase name="givenValidAccountNumberWhenFindByAccountNumberThenReturnAccountMono()" classname="com.pichincha.dm.bank.accounts.infrastructure.adapter.persistence.AccountPersistenceAdapterTest" time="0.008"/>
  <testcase name="givenValidAccountWhenUpdateThenReturnUpdatedAccountMono()" classname="com.pichincha.dm.bank.accounts.infrastructure.adapter.persistence.AccountPersistenceAdapterTest" time="0.01"/>
  <testcase name="givenValidAccountWhenSaveThenReturnSavedAccountMono()" classname="com.pichincha.dm.bank.accounts.infrastructure.adapter.persistence.AccountPersistenceAdapterTest" time="0.012"/>
  <testcase name="givenValidFiltersWhenFindAllThenReturnAccountsFlux()" classname="com.pichincha.dm.bank.accounts.infrastructure.adapter.persistence.AccountPersistenceAdapterTest" time="0.007"/>
  <testcase name="givenValidAccountIdAndBalanceWhenUpdateBalanceThenReturnUpdatedAccountMono()" classname="com.pichincha.dm.bank.accounts.infrastructure.adapter.persistence.AccountPersistenceAdapterTest" time="0.011"/>
  <system-out><![CDATA[]]></system-out>
  <system-err><![CDATA[]]></system-err>
</testsuite>
