<?xml version="1.0" encoding="UTF-8"?>
<testsuite name="com.pichincha.dm.bank.accounts.domain.AccountTest" tests="3" skipped="0" failures="0" errors="0" timestamp="2025-09-01T02:16:32" hostname="SEBASTIAN-SANTA" time="0.018">
  <properties/>
  <testcase name="givenAccountWhenSetIdThenIdIsUpdated()" classname="com.pichincha.dm.bank.accounts.domain.AccountTest" time="0.005"/>
  <testcase name="givenMinimalDataWhenBuildAccountThenAccountIsCreatedWithNulls()" classname="com.pichincha.dm.bank.accounts.domain.AccountTest" time="0.005"/>
  <testcase name="givenValidDataWhenBuildAccountThenAccountIsCreated()" classname="com.pichincha.dm.bank.accounts.domain.AccountTest" time="0.004"/>
  <system-out><![CDATA[]]></system-out>
  <system-err><![CDATA[]]></system-err>
</testsuite>
