<?xml version="1.0" encoding="UTF-8"?>
<testsuite name="com.pichincha.dm.bank.accounts.application.command.UpdateMovementCommandTest" tests="5" skipped="0" failures="0" errors="0" timestamp="2025-09-01T02:16:30" hostname="SEBASTIAN-SANTA" time="0.051">
  <properties/>
  <testcase name="givenValidMovementsWhenExecuteThenUpdateMovementSuccessfully()" classname="com.pichincha.dm.bank.accounts.application.command.UpdateMovementCommandTest" time="0.019"/>
  <testcase name="shouldReturnSameInstanceWhenWithOldMovementCalled()" classname="com.pichincha.dm.bank.accounts.application.command.UpdateMovementCommandTest" time="0.005"/>
  <testcase name="shouldReturnSameInstanceWhenWithNewMovementCalled()" classname="com.pichincha.dm.bank.accounts.application.command.UpdateMovementCommandTest" time="0.007"/>
  <testcase name="givenNoBalanceChangeWhenExecuteThenSkipRecalculation()" classname="com.pichincha.dm.bank.accounts.application.command.UpdateMovementCommandTest" time="0.008"/>
  <testcase name="shouldReturnSameInstanceWhenWithAccountCalled()" classname="com.pichincha.dm.bank.accounts.application.command.UpdateMovementCommandTest" time="0.006"/>
  <system-out><![CDATA[]]></system-out>
  <system-err><![CDATA[]]></system-err>
</testsuite>
