<?xml version="1.0" encoding="UTF-8"?>
<testsuite name="com.pichincha.dm.bank.accounts.application.service.MovementBalanceRecalculationServiceTest" tests="2" skipped="0" failures="0" errors="0" timestamp="2025-09-01T02:16:31" hostname="SEBASTIAN-SANTA" time="0.029">
  <properties/>
  <testcase name="givenPositiveBalanceAdjustmentWhenRecalculatePostMovementBalancesThenUpdateMovements()" classname="com.pichincha.dm.bank.accounts.application.service.MovementBalanceRecalculationServiceTest" time="0.024"/>
  <testcase name="givenZeroBalanceAdjustmentWhenRecalculatePostMovementBalancesThenSkipProcessing()" classname="com.pichincha.dm.bank.accounts.application.service.MovementBalanceRecalculationServiceTest" time="0.004"/>
  <system-out><![CDATA[]]></system-out>
  <system-err><![CDATA[]]></system-err>
</testsuite>
