<?xml version="1.0" encoding="UTF-8"?>
<testsuite name="com.pichincha.dm.bank.accounts.domain.exception.DataAccessExceptionTest" tests="1" skipped="0" failures="0" errors="0" timestamp="2025-09-01T02:16:32" hostname="SEBASTIAN-SANTA" time="0.004">
  <properties/>
  <testcase name="givenThrowableWhenCreateDataAccessExceptionThenExceptionIsCreated()" classname="com.pichincha.dm.bank.accounts.domain.exception.DataAccessExceptionTest" time="0.004"/>
  <system-out><![CDATA[]]></system-out>
  <system-err><![CDATA[]]></system-err>
</testsuite>
