<?xml version="1.0" encoding="UTF-8"?>
<testsuite name="com.pichincha.dm.bank.accounts.domain.MovementSummaryTest" tests="2" skipped="0" failures="0" errors="0" timestamp="2025-09-01T02:16:32" hostname="SEBASTIAN-SANTA" time="0.007">
  <properties/>
  <testcase name="givenMovementSummaryWhenSetIdThenIdIsUpdated()" classname="com.pichincha.dm.bank.accounts.domain.MovementSummaryTest" time="0.003"/>
  <testcase name="givenValidDataWhenBuildMovementSummaryThenMovementSummaryIsCreated()" classname="com.pichincha.dm.bank.accounts.domain.MovementSummaryTest" time="0.003"/>
  <system-out><![CDATA[]]></system-out>
  <system-err><![CDATA[]]></system-err>
</testsuite>
