<?xml version="1.0" encoding="UTF-8"?>
<testsuite name="com.pichincha.dm.bank.accounts.infrastructure.adapter.report.strategy.JsonReportGeneratorStrategyTest" tests="2" skipped="0" failures="0" errors="0" timestamp="2025-09-01T02:16:36" hostname="SEBASTIAN-SANTA" time="1.207">
  <properties/>
  <testcase name="shouldReturnJsonFormatType()" classname="com.pichincha.dm.bank.accounts.infrastructure.adapter.report.strategy.JsonReportGeneratorStrategyTest" time="0.977"/>
  <testcase name="shouldGenerateJsonReportWhenValidReportProvided()" classname="com.pichincha.dm.bank.accounts.infrastructure.adapter.report.strategy.JsonReportGeneratorStrategyTest" time="0.229"/>
  <system-out><![CDATA[]]></system-out>
  <system-err><![CDATA[]]></system-err>
</testsuite>
