<?xml version="1.0" encoding="UTF-8"?>
<testsuite name="com.pichincha.dm.bank.accounts.infrastructure.adapter.persistence.entity.MovementEntityTest" tests="2" skipped="0" failures="0" errors="0" timestamp="2025-09-01T02:16:36" hostname="SEBASTIAN-SANTA" time="0.012">
  <properties/>
  <testcase name="givenMovementEntityWhenSetIdThenIdIsUpdated()" classname="com.pichincha.dm.bank.accounts.infrastructure.adapter.persistence.entity.MovementEntityTest" time="0.004"/>
  <testcase name="givenAllArgsConstructorWhenCreateMovementEntityThenAllFieldsAreSet()" classname="com.pichincha.dm.bank.accounts.infrastructure.adapter.persistence.entity.MovementEntityTest" time="0.006"/>
  <system-out><![CDATA[]]></system-out>
  <system-err><![CDATA[]]></system-err>
</testsuite>
