<?xml version="1.0" encoding="UTF-8"?>
<testsuite name="com.pichincha.dm.bank.accounts.application.validation.impl.InsufficientBalanceValidationTest" tests="2" skipped="0" failures="0" errors="0" timestamp="2025-09-01T02:16:32" hostname="SEBASTIAN-SANTA" time="0.008">
  <properties/>
  <testcase name="givenSufficientBalanceWhenValidateDebitMovementThenValidationPasses()" classname="com.pichincha.dm.bank.accounts.application.validation.impl.InsufficientBalanceValidationTest" time="0.003"/>
  <testcase name="givenInsufficientBalanceWhenValidateDebitMovementThenThrowException()" classname="com.pichincha.dm.bank.accounts.application.validation.impl.InsufficientBalanceValidationTest" time="0.004"/>
  <system-out><![CDATA[]]></system-out>
  <system-err><![CDATA[]]></system-err>
</testsuite>
