<?xml version="1.0" encoding="UTF-8"?>
<testsuite name="com.pichincha.dm.bank.accounts.infrastructure.adapter.persistence.service.AccountTransactionServiceTest" tests="2" skipped="0" failures="0" errors="0" timestamp="2025-09-01T02:16:36" hostname="SEBASTIAN-SANTA" time="0.029">
  <properties/>
  <testcase name="givenValidAccountWhenUpdateAccountThenReturnUpdatedAccountMono()" classname="com.pichincha.dm.bank.accounts.infrastructure.adapter.persistence.service.AccountTransactionServiceTest" time="0.015"/>
  <testcase name="givenValidAccountWhenSaveAccountThenReturnSavedAccountMono()" classname="com.pichincha.dm.bank.accounts.infrastructure.adapter.persistence.service.AccountTransactionServiceTest" time="0.013"/>
  <system-out><![CDATA[]]></system-out>
  <system-err><![CDATA[]]></system-err>
</testsuite>
