<?xml version="1.0" encoding="UTF-8"?>
<testsuite name="com.pichincha.dm.bank.accounts.infrastructure.adapter.report.strategy.PdfReportGeneratorStrategyTest" tests="2" skipped="0" failures="0" errors="0" timestamp="2025-09-01T02:16:38" hostname="SEBASTIAN-SANTA" time="0.095">
  <properties/>
  <testcase name="whenGetFormatTypeThenReturnPdfString()" classname="com.pichincha.dm.bank.accounts.infrastructure.adapter.report.strategy.PdfReportGeneratorStrategyTest" time="0.088"/>
  <testcase name="givenValidReportWhenGenerateReportThenReturnPdfStringMono()" classname="com.pichincha.dm.bank.accounts.infrastructure.adapter.report.strategy.PdfReportGeneratorStrategyTest" time="0.006"/>
  <system-out><![CDATA[]]></system-out>
  <system-err><![CDATA[]]></system-err>
</testsuite>
