<?xml version="1.0" encoding="UTF-8"?>
<testsuite name="com.pichincha.dm.bank.accounts.infrastructure.adapter.pdf.PdfDocumentBuilderTest" tests="17" skipped="0" failures="0" errors="0" timestamp="2025-09-01T02:16:32" hostname="SEBASTIAN-SANTA" time="0.11">
  <properties/>
  <testcase name="givenParagraphTextWhenAddParagraphThenParagraphIsAdded()" classname="com.pichincha.dm.bank.accounts.infrastructure.adapter.pdf.PdfDocumentBuilderTest" time="0.04"/>
  <testcase name="givenValidLocalDateWhenFormatDateThenFormattedDateIsReturned()" classname="com.pichincha.dm.bank.accounts.infrastructure.adapter.pdf.PdfDocumentBuilderTest" time="0.003"/>
  <testcase name="givenLabelAndValueWhenAddInfoRowThenInfoRowIsAdded()" classname="com.pichincha.dm.bank.accounts.infrastructure.adapter.pdf.PdfDocumentBuilderTest" time="0.003"/>
  <testcase name="givenHeadersWhenAddDataTableThenDataTableWithHeadersIsAdded()" classname="com.pichincha.dm.bank.accounts.infrastructure.adapter.pdf.PdfDocumentBuilderTest" time="0.003"/>
  <testcase name="givenEmptyMessageWhenAddEmptyMessageThenEmptyMessageIsAdded()" classname="com.pichincha.dm.bank.accounts.infrastructure.adapter.pdf.PdfDocumentBuilderTest" time="0.004"/>
  <testcase name="givenSubsectionTitleWhenAddSubsectionThenSubsectionIsAdded()" classname="com.pichincha.dm.bank.accounts.infrastructure.adapter.pdf.PdfDocumentBuilderTest" time="0.005"/>
  <testcase name="givenSummaryTableWhenAddSummaryTableThenSummaryTableIsAdded()" classname="com.pichincha.dm.bank.accounts.infrastructure.adapter.pdf.PdfDocumentBuilderTest" time="0.002"/>
  <testcase name="givenAmountValuesWhenAddAmountRowThenAmountRowIsAdded()" classname="com.pichincha.dm.bank.accounts.infrastructure.adapter.pdf.PdfDocumentBuilderTest" time="0.002"/>
  <testcase name="givenValuesWhenAddDataRowThenDataRowIsAdded()" classname="com.pichincha.dm.bank.accounts.infrastructure.adapter.pdf.PdfDocumentBuilderTest" time="0.002"/>
  <testcase name="givenDateRangeWhenFormatDateRangeThenFormattedDateRangeIsReturned()" classname="com.pichincha.dm.bank.accounts.infrastructure.adapter.pdf.PdfDocumentBuilderTest" time="0.002"/>
  <testcase name="givenNewBuilderWhenConstructorCalledThenInitializeDocumentCorrectly()" classname="com.pichincha.dm.bank.accounts.infrastructure.adapter.pdf.PdfDocumentBuilderTest" time="0.002"/>
  <testcase name="givenSectionTitleWhenAddSectionThenSectionIsAdded()" classname="com.pichincha.dm.bank.accounts.infrastructure.adapter.pdf.PdfDocumentBuilderTest" time="0.002"/>
  <testcase name="givenValidBigDecimalWhenFormatMoneyThenFormattedMoneyIsReturned()" classname="com.pichincha.dm.bank.accounts.infrastructure.adapter.pdf.PdfDocumentBuilderTest" time="0.003"/>
  <testcase name="givenBankHeaderDataWhenAddBankHeaderThenHeaderIsAdded()" classname="com.pichincha.dm.bank.accounts.infrastructure.adapter.pdf.PdfDocumentBuilderTest" time="0.003"/>
  <testcase name="givenPositiveAmountWhenAddColoredAmountRowThenPositiveAmountRowIsAdded()" classname="com.pichincha.dm.bank.accounts.infrastructure.adapter.pdf.PdfDocumentBuilderTest" time="0.004"/>
  <testcase name="givenInfoTableWhenAddInfoTableThenInfoTableIsAdded()" classname="com.pichincha.dm.bank.accounts.infrastructure.adapter.pdf.PdfDocumentBuilderTest" time="0.004"/>
  <testcase name="givenValidLocalDateTimeWhenFormatDateTimeThenFormattedDateIsReturned()" classname="com.pichincha.dm.bank.accounts.infrastructure.adapter.pdf.PdfDocumentBuilderTest" time="0.003"/>
  <system-out><![CDATA[]]></system-out>
  <system-err><![CDATA[]]></system-err>
</testsuite>
