<?xml version="1.0" encoding="UTF-8"?>
<testsuite name="com.pichincha.dm.bank.accounts.infrastructure.adapter.persistence.MovementPersistenceAdapterTest" tests="6" skipped="0" failures="0" errors="0" timestamp="2025-09-01T02:16:36" hostname="SEBASTIAN-SANTA" time="0.338">
  <properties/>
  <testcase name="givenValidFiltersWhenFindAllThenReturnMovementsFlux()" classname="com.pichincha.dm.bank.accounts.infrastructure.adapter.persistence.MovementPersistenceAdapterTest" time="0.264"/>
  <testcase name="givenValidMovementWhenSaveThenReturnSavedMovementMono()" classname="com.pichincha.dm.bank.accounts.infrastructure.adapter.persistence.MovementPersistenceAdapterTest" time="0.013"/>
  <testcase name="givenValidIdWhenExistsByIdThenReturnTrueMono()" classname="com.pichincha.dm.bank.accounts.infrastructure.adapter.persistence.MovementPersistenceAdapterTest" time="0.008"/>
  <testcase name="givenValidIdWhenDeleteByIdThenReturnMonoVoid()" classname="com.pichincha.dm.bank.accounts.infrastructure.adapter.persistence.MovementPersistenceAdapterTest" time="0.01"/>
  <testcase name="givenValidMovementsListWhenUpdateBatchThenReturnUpdatedMovementsFlux()" classname="com.pichincha.dm.bank.accounts.infrastructure.adapter.persistence.MovementPersistenceAdapterTest" time="0.022"/>
  <testcase name="givenValidMovementWhenUpdateThenReturnUpdatedMovementMono()" classname="com.pichincha.dm.bank.accounts.infrastructure.adapter.persistence.MovementPersistenceAdapterTest" time="0.014"/>
  <system-out><![CDATA[]]></system-out>
  <system-err><![CDATA[]]></system-err>
</testsuite>
