<?xml version="1.0" encoding="UTF-8"?>
<testsuite name="com.pichincha.dm.bank.accounts.infrastructure.adapter.persistence.entity.AccountEntityTest" tests="2" skipped="0" failures="0" errors="0" timestamp="2025-09-01T02:16:36" hostname="SEBASTIAN-SANTA" time="0.014">
  <properties/>
  <testcase name="givenAccountEntityWhenSetIdThenIdIsUpdated()" classname="com.pichincha.dm.bank.accounts.infrastructure.adapter.persistence.entity.AccountEntityTest" time="0.003"/>
  <testcase name="givenAllArgsConstructorWhenCreateAccountEntityThenAllFieldsAreSet()" classname="com.pichincha.dm.bank.accounts.infrastructure.adapter.persistence.entity.AccountEntityTest" time="0.01"/>
  <system-out><![CDATA[]]></system-out>
  <system-err><![CDATA[]]></system-err>
</testsuite>
